INFO:    gocryptfs not found, will not be able to use gocryptfs
INFO:root:Loading data...
INFO:root:ORF file read 
             ID   len orf_strand  ...  coding_score  pb_acc  orf_rank
0  PB.1.1_ORF_1  1743          +  ...      0.571543  PB.1.1         1
1  PB.1.1_ORF_2  1743          +  ...      0.145141  PB.1.1         2
2  PB.1.1_ORF_3  1743          +  ...      0.039021  PB.1.1         3
3  PB.1.1_ORF_4  1743          +  ...      0.260297  PB.1.1         4
4  PB.1.1_ORF_5  1743          +  ...      0.050615  PB.1.1         5

[5 rows x 12 columns]
INFO:root:Extracted GTF attributes: ['gene_id', 'gene_type', 'gene_name', 'level', 'mgi_id', 'havana_gene', 'transcript_id', 'transcript_type', 'transcript_name', 'transcript_support_level', 'tag', 'havana_transcript', 'exon_number', 'exon_id', 'protein_id', 'ccdsid', 'ont']
INFO:root:Extracted GTF attributes: ['transcript_id', 'gene_id']
INFO:root:Mapping orfs to gencode...
INFO:root:Mapping plus strands...
INFO:root:Mapping minus strands...
INFO:root:Calling ORFs...
INFO:root:Adding metadata...
INFO:root:Saving results...
  seqname  source     feature    start  ...  strand  frame transcript_id gene_id
0    chr1  PacBio  transcript  4762290  ...       -      0        PB.1.1    PB.1
1    chr1  PacBio        exon  4762290  ...       -      0        PB.1.1    PB.1
2    chr1  PacBio  transcript  4777296  ...       -      0        PB.2.1    PB.2
3    chr1  PacBio        exon  4777296  ...       -      0        PB.2.1    PB.2
4    chr1  PacBio  transcript  4786000  ...       -      0        PB.3.1    PB.3

[5 rows x 10 columns]
['gene' 'transcript' 'exon' 'CDS' 'start_codon' 'stop_codon' 'UTR'
 'Selenocysteine']
/var/spool/slurm/slurmd/job63412326/slurm_script: line 44: unexpected EOF while looking for matching `"'
/var/spool/slurm/slurmd/job63412326/slurm_script: line 58: syntax error: unexpected end of file
