/var/spool/slurm/slurmd/job63467455/slurm_script: line 15: cd: /project/sheynkman/projects/mohi_MDS: No such file or directory

The following have been reloaded with a version change:
  1) python/.3.11.4 => python/3.11.4


CommandNotFoundError: Your shell has not been properly configured to use 'conda activate'.
To initialize your shell, run

    $ conda init <SHELL_NAME>

Currently supported shells are:
  - bash
  - fish
  - tcsh
  - xonsh
  - zsh
  - powershell

See 'conda init --help' for more information and options.

IMPORTANT: You may need to close and restart your shell after running 'conda init'.


INFO:    gocryptfs not found, will not be able to use gocryptfs
INFO:root:Extracted GTF attributes: ['gene_id', 'transcript_id']
INFO:root:Extracted GTF attributes: ['gene_id', 'gene_type', 'gene_name', 'level', 'mgi_id', 'havana_gene', 'transcript_id', 'transcript_type', 'transcript_name', 'transcript_support_level', 'tag', 'havana_transcript', 'exon_number', 'exon_id', 'protein_id', 'ccdsid', 'ont']
INFO:    gocryptfs not found, will not be able to use gocryptfs
INFO:root:Extracted GTF attributes: ['gene_id', 'transcript_id']
INFO:root:Extracted GTF attributes: ['gene_id', 'gene_type', 'gene_name', 'level', 'mgi_id', 'havana_gene', 'transcript_id', 'transcript_type', 'transcript_name', 'transcript_support_level', 'tag', 'havana_transcript', 'exon_number', 'exon_id', 'protein_id', 'ccdsid', 'ont']

CommandNotFoundError: Your shell has not been properly configured to use 'conda deactivate'.
To initialize your shell, run

    $ conda init <SHELL_NAME>

Currently supported shells are:
  - bash
  - fish
  - tcsh
  - xonsh
  - zsh
  - powershell

See 'conda init --help' for more information and options.

IMPORTANT: You may need to close and restart your shell after running 'conda init'.


