2024-12-11 09:54:28 [INFO]  Running CPAT version 3.0.5...
2024-12-11 09:54:28 [INFO]  Start codons used: [ATG]
2024-12-11 09:54:28 [INFO]  Stop codons used: [TAG,TAA,TGA]
2024-12-11 09:54:28 [INFO]  Reading /project/sheynkman/external_data/CPAT_data/Mouse_Hexamer.tsv
2024-12-11 09:54:28 [INFO]  Checking format of "02_sqanti/mando/Q157R_mando_corrected.fasta"
2024-12-11 09:54:28 [INFO]  Input gene file is in FASTA format
2024-12-11 09:54:28 [INFO]  Searching for ORFs ...
2024-12-11 09:54:29 [WARNING]  No ORFs found for ISOFORM9437_4
2024-12-11 09:54:32 [WARNING]  No ORFs found for ISOFORM31295_7
2024-12-11 09:54:42 [WARNING]  No ORFs found for ISOFORM125258_11
2024-12-11 09:54:50 [WARNING]  No ORFs found for ISOFORM190435_7
2024-12-11 09:54:51 [WARNING]  No ORFs found for ISOFORM201737_9
2024-12-11 09:54:52 [WARNING]  No ORFs found for ISOFORM210015_3
2024-12-11 09:54:55 [WARNING]  No ORFs found for ISOFORM238753_4
2024-12-11 09:55:15 [WARNING]  No ORFs found for ISOFORM412696_3
2024-12-11 09:55:17 [WARNING]  No ORFs found for ISOFORM433878_6
2024-12-11 09:55:20 [WARNING]  No ORFs found for ISOFORM105612_7
2024-12-11 09:55:20 [WARNING]  No ORFs found for ISOFORM458078_3
2024-12-11 09:55:21 [WARNING]  No ORFs found for ISOFORM463880_7
2024-12-11 09:55:22 [WARNING]  No ORFs found for ISOFORM470446_3
2024-12-11 09:55:27 [WARNING]  No ORFs found for ISOFORM508385_3
2024-12-11 09:55:28 [WARNING]  No ORFs found for ISOFORM520507_3
2024-12-11 09:55:29 [WARNING]  No ORFs found for ISOFORM526704_6
2024-12-11 09:55:35 [WARNING]  No ORFs found for ISOFORM583954_3
2024-12-11 09:55:38 [WARNING]  No ORFs found for ISOFORM606394_3
2024-12-11 09:55:41 [WARNING]  No ORFs found for ISOFORM637222_28
2024-12-11 09:55:42 [WARNING]  No ORFs found for ISOFORM643303_9
2024-12-11 09:55:44 [WARNING]  No ORFs found for ISOFORM663389_3
2024-12-11 09:55:44 [WARNING]  No ORFs found for ISOFORM664023_12
2024-12-11 09:55:47 [WARNING]  No ORFs found for ISOFORM691757_8
2024-12-11 09:55:51 [WARNING]  No ORFs found for ISOFORM721989_7
2024-12-11 09:55:52 [WARNING]  No ORFs found for ISOFORM729419_10
2024-12-11 09:55:54 [WARNING]  No ORFs found for ISOFORM748088_7
2024-12-11 09:56:04 [WARNING]  No ORFs found for ISOFORM836393_4
2024-12-11 09:56:13 [WARNING]  No ORFs found for ISOFORM915538_6
2024-12-11 09:56:14 [WARNING]  No ORFs found for ISOFORM921486_4
2024-12-11 09:56:14 [WARNING]  No ORFs found for ISOFORM789173_8
2024-12-11 09:56:17 [WARNING]  No ORFs found for ISOFORM947020_33
2024-12-11 09:56:20 [WARNING]  No ORFs found for ISOFORM964301_5
2024-12-11 09:56:22 [WARNING]  No ORFs found for ISOFORM987535_3
2024-12-11 09:56:22 [WARNING]  No ORFs found for ISOFORM988986_4
2024-12-11 09:56:23 [WARNING]  No ORFs found for ISOFORM989063_3
2024-12-11 09:56:33 [WARNING]  No ORFs found for ISOFORM1072405_3
2024-12-11 09:56:36 [WARNING]  No ORFs found for ISOFORM1098628_6
2024-12-11 09:56:37 [WARNING]  No ORFs found for ISOFORM1106218_4
2024-12-11 09:56:37 [WARNING]  No ORFs found for ISOFORM1107324_15
2024-12-11 09:56:37 [WARNING]  No ORFs found for ISOFORM1113943_6
2024-12-11 09:56:41 [WARNING]  No ORFs found for ISOFORM1148340_3
2024-12-11 09:56:42 [WARNING]  No ORFs found for ISOFORM1153329_57
2024-12-11 09:56:43 [INFO]  Calculate coding probability ...
2024-12-11 09:56:51 [INFO]  Removing file 04_CPAT/mando/Q157R.ORF_info.tsv
2024-12-11 09:56:51 [INFO]  Select ORF with the highest coding probability ...
2024-12-11 09:56:52 [INFO]  Done!
