
The following have been reloaded with a version change:
  1) python/.3.11.4 => python/3.11.4

INFO:root:Loading data...
INFO:root:Extracted GTF attributes: ['gene_id', 'gene_type', 'gene_name', 'level', 'mgi_id', 'havana_gene', 'transcript_id', 'transcript_type', 'transcript_name', 'transcript_support_level', 'tag', 'havana_transcript', 'exon_number', 'exon_id', 'protein_id', 'ccdsid', 'ont']
INFO:root:Extracted GTF attributes: ['transcript_id', 'gene_id', 'gene_name']
INFO:root:Mapping ORFs to gencode...
WARNING:root:no coding start found
WARNING:root:no coding start found
WARNING:root:no coding start found
WARNING:root:no coding start found
WARNING:root:no coding start found
WARNING:root:no coding start found
WARNING:root:no coding start found
WARNING:root:no coding start found
WARNING:root:no coding start found
WARNING:root:no coding start found
WARNING:root:no coding start found
WARNING:root:no coding start found
WARNING:root:no coding start found
WARNING:root:no coding start found
WARNING:root:no coding start found
WARNING:root:no coding start found
WARNING:root:no coding start found
WARNING:root:no coding start found
WARNING:root:no coding start found
WARNING:root:no coding start found
WARNING:root:no coding start found
WARNING:root:no coding start found
WARNING:root:no coding start found
WARNING:root:no coding start found
INFO:root:Calling ORFs...
ORF DataFrame: Empty DataFrame
Columns: [ID, pb_acc, misc, orf, orf_start]
Index: []
  seqname  ...                     gene_name
0    chr1  ...                         10453
1    chr1  ...                         10453
2    chr1  ...  ENSMUSG00000033845.14_Mrpl15
3    chr1  ...  ENSMUSG00000033845.14_Mrpl15
4    chr1  ...  ENSMUSG00000033845.14_Mrpl15

[5 rows x 11 columns]
['gene' 'transcript' 'exon' 'CDS' 'start_codon' 'stop_codon' 'UTR'
 'Selenocysteine']
plus_exons before sorting and grouping:        seqname       source  ...                       gene_name  exon_length
282083    chr2  Mandalorion  ...  ENSMUSG00000050530.15_Fam171a1          295
282084    chr2  Mandalorion  ...  ENSMUSG00000050530.15_Fam171a1          228
282085    chr2  Mandalorion  ...  ENSMUSG00000050530.15_Fam171a1           93
282086    chr2  Mandalorion  ...  ENSMUSG00000050530.15_Fam171a1          159
282087    chr2  Mandalorion  ...  ENSMUSG00000050530.15_Fam171a1          177

[5 rows x 12 columns]
orf_coord before merging: Empty DataFrame
Columns: [pb_acc, misc, orf, orf_start, ID, has_stop_codon]
Index: []
orf_exons after merging: Empty DataFrame
Columns: [pb_acc, misc, orf, orf_start, ID, has_stop_codon, seqname, source, feature, exon_start, exon_end, score, strand, frame, transcript_id, gene_id, gene_name, exon_length, current_size, prior_size]
Index: []
plus_exons before sorting and grouping:       seqname  ... exon_length
61062   chr11  ...         438
61063   chr11  ...         271
61064   chr11  ...         166
61065   chr11  ...         592
61066   chr11  ...         147

[5 rows x 12 columns]
orf_coord before merging: Empty DataFrame
Columns: [pb_acc, misc, orf, orf_start, ID, has_stop_codon]
Index: []
orf_exons after merging: Empty DataFrame
Columns: [pb_acc, misc, orf, orf_start, ID, has_stop_codon, seqname, source, feature, exon_start, exon_end, score, strand, frame, transcript_id, gene_id, gene_name, exon_length, current_size, prior_size]
Index: []
plus_exons before sorting and grouping:        seqname       source  ...                  gene_name  exon_length
355181    chr4  Mandalorion  ...  ENSMUSG00000028233.7_Tgs1         1901
355183    chr4  Mandalorion  ...  ENSMUSG00000028233.7_Tgs1          251
355184    chr4  Mandalorion  ...  ENSMUSG00000028233.7_Tgs1           65
355185    chr4  Mandalorion  ...  ENSMUSG00000028233.7_Tgs1          158
355186    chr4  Mandalorion  ...  ENSMUSG00000028233.7_Tgs1          814

[5 rows x 12 columns]
orf_coord before merging: Empty DataFrame
Columns: [pb_acc, misc, orf, orf_start, ID, has_stop_codon]
Index: []
orf_exons after merging: Empty DataFrame
Columns: [pb_acc, misc, orf, orf_start, ID, has_stop_codon, seqname, source, feature, exon_start, exon_end, score, strand, frame, transcript_id, gene_id, gene_name, exon_length, current_size, prior_size]
Index: []
plus_exons before sorting and grouping:        seqname       source  ...                            gene_name  exon_length
129176   chr13  Mandalorion  ...  ENSMUSG00000097709.10_2810429I04Rik          159
129177   chr13  Mandalorion  ...  ENSMUSG00000097709.10_2810429I04Rik           93
129178   chr13  Mandalorion  ...  ENSMUSG00000097709.10_2810429I04Rik          172
129179   chr13  Mandalorion  ...  ENSMUSG00000097709.10_2810429I04Rik         2218
129181   chr13  Mandalorion  ...  ENSMUSG00000097709.10_2810429I04Rik          145

[5 rows x 12 columns]
orf_coord before merging: Empty DataFrame
Columns: [pb_acc, misc, orf, orf_start, ID, has_stop_codon]
Index: []
orf_exons after merging: Empty DataFrame
Columns: [pb_acc, misc, orf, orf_start, ID, has_stop_codon, seqname, source, feature, exon_start, exon_end, score, strand, frame, transcript_id, gene_id, gene_name, exon_length, current_size, prior_size]
Index: []
plus_exons before sorting and grouping:        seqname       source  ...                   gene_name  exon_length
391041    chr5  Mandalorion  ...  ENSMUSG00000040274.12_Cdk6          518
391042    chr5  Mandalorion  ...  ENSMUSG00000040274.12_Cdk6          481
391043    chr5  Mandalorion  ...  ENSMUSG00000040274.12_Cdk6          136
391044    chr5  Mandalorion  ...  ENSMUSG00000040274.12_Cdk6          168
391045    chr5  Mandalorion  ...  ENSMUSG00000040274.12_Cdk6          110

[5 rows x 12 columns]
orf_coord before merging: Empty DataFrame
Columns: [pb_acc, misc, orf, orf_start, ID, has_stop_codon]
Index: []
orf_exons after merging: Empty DataFrame
Columns: [pb_acc, misc, orf, orf_start, ID, has_stop_codon, seqname, source, feature, exon_start, exon_end, score, strand, frame, transcript_id, gene_id, gene_name, exon_length, current_size, prior_size]
Index: []
plus_exons before sorting and grouping:        seqname       source  ...                     gene_name  exon_length
261516   chr19  Mandalorion  ...                          4639         4092
261518   chr19  Mandalorion  ...                          4639         2765
261520   chr19  Mandalorion  ...                          4639         2572
261522   chr19  Mandalorion  ...                          4639         2451
261560   chr19  Mandalorion  ...  ENSMUSG00000024829.13_Mrpl21          297

[5 rows x 12 columns]
orf_coord before merging: Empty DataFrame
Columns: [pb_acc, misc, orf, orf_start, ID, has_stop_codon]
Index: []
orf_exons after merging: Empty DataFrame
Columns: [pb_acc, misc, orf, orf_start, ID, has_stop_codon, seqname, source, feature, exon_start, exon_end, score, strand, frame, transcript_id, gene_id, gene_name, exon_length, current_size, prior_size]
Index: []
plus_exons before sorting and grouping:        seqname       source  ...                      gene_name  exon_length
171629   chr15  Mandalorion  ...  ENSMUSG00000064373.14_Selenop           47
171630   chr15  Mandalorion  ...  ENSMUSG00000064373.14_Selenop          216
171631   chr15  Mandalorion  ...  ENSMUSG00000064373.14_Selenop          213
171632   chr15  Mandalorion  ...  ENSMUSG00000064373.14_Selenop          118
171633   chr15  Mandalorion  ...  ENSMUSG00000064373.14_Selenop         1406

[5 rows x 12 columns]
orf_coord before merging: Empty DataFrame
Columns: [pb_acc, misc, orf, orf_start, ID, has_stop_codon]
Index: []
orf_exons after merging: Empty DataFrame
Columns: [pb_acc, misc, orf, orf_start, ID, has_stop_codon, seqname, source, feature, exon_start, exon_end, score, strand, frame, transcript_id, gene_id, gene_name, exon_length, current_size, prior_size]
Index: []
plus_exons before sorting and grouping:        seqname       source  ...                     gene_name  exon_length
556118    chrM  Mandalorion  ...  ENSMUSG00000064337.1_mt-Rnr1          842
556120    chrM  Mandalorion  ...  ENSMUSG00000064339.1_mt-Rnr2         1588
556122    chrM  Mandalorion  ...  ENSMUSG00000064339.1_mt-Rnr2         2612
556124    chrM  Mandalorion  ...  ENSMUSG00000064339.1_mt-Rnr2          955
556126    chrM  Mandalorion  ...   ENSMUSG00000064345.1_mt-Nd2         1175

[5 rows x 12 columns]
orf_coord before merging: Empty DataFrame
Columns: [pb_acc, misc, orf, orf_start, ID, has_stop_codon]
Index: []
orf_exons after merging: Empty DataFrame
Columns: [pb_acc, misc, orf, orf_start, ID, has_stop_codon, seqname, source, feature, exon_start, exon_end, score, strand, frame, transcript_id, gene_id, gene_name, exon_length, current_size, prior_size]
Index: []
plus_exons before sorting and grouping:    seqname       source  ...                           gene_name  exon_length
39    chr1  Mandalorion  ...  ENSMUSG00000120403.1_A930006A01Rik         2174
41    chr1  Mandalorion  ...        ENSMUSG00000025903.15_Lypla1          147
42    chr1  Mandalorion  ...        ENSMUSG00000025903.15_Lypla1           32
43    chr1  Mandalorion  ...        ENSMUSG00000025903.15_Lypla1           66
44    chr1  Mandalorion  ...        ENSMUSG00000025903.15_Lypla1           48

[5 rows x 12 columns]
orf_coord before merging: Empty DataFrame
Columns: [pb_acc, misc, orf, orf_start, ID, has_stop_codon]
Index: []
orf_exons after merging: Empty DataFrame
Columns: [pb_acc, misc, orf, orf_start, ID, has_stop_codon, seqname, source, feature, exon_start, exon_end, score, strand, frame, transcript_id, gene_id, gene_name, exon_length, current_size, prior_size]
Index: []
plus_exons before sorting and grouping:        seqname       source  ...                    gene_name  exon_length
454827    chr7  Mandalorion  ...  ENSMUSG00000068566.14_Myadm          296
454828    chr7  Mandalorion  ...  ENSMUSG00000068566.14_Myadm           88
454829    chr7  Mandalorion  ...  ENSMUSG00000068566.14_Myadm         2486
454831    chr7  Mandalorion  ...  ENSMUSG00000068566.14_Myadm           39
454832    chr7  Mandalorion  ...  ENSMUSG00000068566.14_Myadm           88

[5 rows x 12 columns]
orf_coord before merging: Empty DataFrame
Columns: [pb_acc, misc, orf, orf_start, ID, has_stop_codon]
Index: []
orf_exons after merging: Empty DataFrame
Columns: [pb_acc, misc, orf, orf_start, ID, has_stop_codon, seqname, source, feature, exon_start, exon_end, score, strand, frame, transcript_id, gene_id, gene_name, exon_length, current_size, prior_size]
Index: []
plus_exons before sorting and grouping:        seqname       source  ...                   gene_name  exon_length
246614   chr18  Mandalorion  ...                        4358         1764
246616   chr18  Mandalorion  ...  ENSMUSG00000024231.16_Cul2          160
246617   chr18  Mandalorion  ...  ENSMUSG00000024231.16_Cul2          141
246618   chr18  Mandalorion  ...  ENSMUSG00000024231.16_Cul2          103
246619   chr18  Mandalorion  ...  ENSMUSG00000024231.16_Cul2           95

[5 rows x 12 columns]
orf_coord before merging: Empty DataFrame
Columns: [pb_acc, misc, orf, orf_start, ID, has_stop_codon]
Index: []
orf_exons after merging: Empty DataFrame
Columns: [pb_acc, misc, orf, orf_start, ID, has_stop_codon, seqname, source, feature, exon_start, exon_end, score, strand, frame, transcript_id, gene_id, gene_name, exon_length, current_size, prior_size]
Index: []
plus_exons before sorting and grouping:        seqname       source  ...                    gene_name  exon_length
574771    chrY  Mandalorion  ...  ENSMUSG00000056673.15_Kdm5d          343
574772    chrY  Mandalorion  ...  ENSMUSG00000056673.15_Kdm5d           78
574773    chrY  Mandalorion  ...  ENSMUSG00000056673.15_Kdm5d          123
574774    chrY  Mandalorion  ...  ENSMUSG00000056673.15_Kdm5d          171
574775    chrY  Mandalorion  ...  ENSMUSG00000056673.15_Kdm5d          135

[5 rows x 12 columns]
orf_coord before merging: Empty DataFrame
Columns: [pb_acc, misc, orf, orf_start, ID, has_stop_codon]
Index: []
orf_exons after merging: Empty DataFrame
Columns: [pb_acc, misc, orf, orf_start, ID, has_stop_codon, seqname, source, feature, exon_start, exon_end, score, strand, frame, transcript_id, gene_id, gene_name, exon_length, current_size, prior_size]
Index: []
plus_exons before sorting and grouping:       seqname       source  ...                      gene_name  exon_length
35053   chr10  Mandalorion  ...  ENSMUSG00000040675.18_Mthfd1l          366
35054   chr10  Mandalorion  ...  ENSMUSG00000040675.18_Mthfd1l           85
35055   chr10  Mandalorion  ...  ENSMUSG00000040675.18_Mthfd1l           51
35056   chr10  Mandalorion  ...  ENSMUSG00000040675.18_Mthfd1l           54
35057   chr10  Mandalorion  ...  ENSMUSG00000040675.18_Mthfd1l          125

[5 rows x 12 columns]
orf_coord before merging: Empty DataFrame
Columns: [pb_acc, misc, orf, orf_start, ID, has_stop_codon]
Index: []
orf_exons after merging: Empty DataFrame
Columns: [pb_acc, misc, orf, orf_start, ID, has_stop_codon, seqname, source, feature, exon_start, exon_end, score, strand, frame, transcript_id, gene_id, gene_name, exon_length, current_size, prior_size]
Index: []
plus_exons before sorting and grouping:        seqname       source  ...                   gene_name  exon_length
328936    chr3  Mandalorion  ...                        5834         2690
328938    chr3  Mandalorion  ...                        5834         2423
328940    chr3  Mandalorion  ...  ENSMUSG00000027499.13_Pkia          149
328941    chr3  Mandalorion  ...  ENSMUSG00000027499.13_Pkia          178
328942    chr3  Mandalorion  ...  ENSMUSG00000027499.13_Pkia         3353

[5 rows x 12 columns]
orf_coord before merging: Empty DataFrame
Columns: [pb_acc, misc, orf, orf_start, ID, has_stop_codon]
Index: []
orf_exons after merging: Empty DataFrame
Columns: [pb_acc, misc, orf, orf_start, ID, has_stop_codon, seqname, source, feature, exon_start, exon_end, score, strand, frame, transcript_id, gene_id, gene_name, exon_length, current_size, prior_size]
Index: []
plus_exons before sorting and grouping:            seqname       source feature  ...  gene_id  gene_name  exon_length
575151  GL456233.2  Mandalorion    exon  ...    10451      10451          145
575152  GL456233.2  Mandalorion    exon  ...    10451      10451          182
575153  GL456233.2  Mandalorion    exon  ...    10451      10451          177
575154  GL456233.2  Mandalorion    exon  ...    10451      10451          280
575155  GL456233.2  Mandalorion    exon  ...    10451      10451          120

[5 rows x 12 columns]
orf_coord before merging: Empty DataFrame
Columns: [pb_acc, misc, orf, orf_start, ID, has_stop_codon]
Index: []
orf_exons after merging: Empty DataFrame
Columns: [pb_acc, misc, orf, orf_start, ID, has_stop_codon, seqname, source, feature, exon_start, exon_end, score, strand, frame, transcript_id, gene_id, gene_name, exon_length, current_size, prior_size]
Index: []
plus_exons before sorting and grouping:        seqname       source  ...                      gene_name  exon_length
108613   chr12  Mandalorion  ...  ENSMUSG00000079179.11_Rab10os          429
108614   chr12  Mandalorion  ...  ENSMUSG00000079179.11_Rab10os          128
108615   chr12  Mandalorion  ...  ENSMUSG00000079179.11_Rab10os           70
108616   chr12  Mandalorion  ...  ENSMUSG00000079179.11_Rab10os           84
108617   chr12  Mandalorion  ...  ENSMUSG00000079179.11_Rab10os         1596

[5 rows x 12 columns]
orf_coord before merging: Empty DataFrame
Columns: [pb_acc, misc, orf, orf_start, ID, has_stop_codon]
Index: []
orf_exons after merging: Empty DataFrame
Columns: [pb_acc, misc, orf, orf_start, ID, has_stop_codon, seqname, source, feature, exon_start, exon_end, score, strand, frame, transcript_id, gene_id, gene_name, exon_length, current_size, prior_size]
Index: []
plus_exons before sorting and grouping:        seqname       source  ...                       gene_name  exon_length
493570    chr8  Mandalorion  ...  ENSMUSG00000004568.14_Arhgef18         2634
493572    chr8  Mandalorion  ...  ENSMUSG00000004568.14_Arhgef18           91
493573    chr8  Mandalorion  ...  ENSMUSG00000004568.14_Arhgef18          125
493574    chr8  Mandalorion  ...  ENSMUSG00000004568.14_Arhgef18          263
493575    chr8  Mandalorion  ...  ENSMUSG00000004568.14_Arhgef18          148

[5 rows x 12 columns]
orf_coord before merging: Empty DataFrame
Columns: [pb_acc, misc, orf, orf_start, ID, has_stop_codon]
Index: []
orf_exons after merging: Empty DataFrame
Columns: [pb_acc, misc, orf, orf_start, ID, has_stop_codon, seqname, source, feature, exon_start, exon_end, score, strand, frame, transcript_id, gene_id, gene_name, exon_length, current_size, prior_size]
Index: []
plus_exons before sorting and grouping:        seqname       source  ...                     gene_name  exon_length
151012   chr14  Mandalorion  ...  ENSMUSG00000058317.13_Ube2e2          118
151013   chr14  Mandalorion  ...  ENSMUSG00000058317.13_Ube2e2          184
151014   chr14  Mandalorion  ...  ENSMUSG00000058317.13_Ube2e2           51
151015   chr14  Mandalorion  ...  ENSMUSG00000058317.13_Ube2e2          133
151016   chr14  Mandalorion  ...  ENSMUSG00000058317.13_Ube2e2          148

[5 rows x 12 columns]
orf_coord before merging: Empty DataFrame
Columns: [pb_acc, misc, orf, orf_start, ID, has_stop_codon]
Index: []
orf_exons after merging: Empty DataFrame
Columns: [pb_acc, misc, orf, orf_start, ID, has_stop_codon, seqname, source, feature, exon_start, exon_end, score, strand, frame, transcript_id, gene_id, gene_name, exon_length, current_size, prior_size]
Index: []
plus_exons before sorting and grouping:        seqname       source  ...                    gene_name  exon_length
429090    chr6  Mandalorion  ...  ENSMUSG00000001376.18_Vps50          133
429091    chr6  Mandalorion  ...  ENSMUSG00000001376.18_Vps50           69
429092    chr6  Mandalorion  ...  ENSMUSG00000001376.18_Vps50          123
429093    chr6  Mandalorion  ...  ENSMUSG00000001376.18_Vps50           72
429094    chr6  Mandalorion  ...  ENSMUSG00000001376.18_Vps50           54

[5 rows x 12 columns]
orf_coord before merging: Empty DataFrame
Columns: [pb_acc, misc, orf, orf_start, ID, has_stop_codon]
Index: []
orf_exons after merging: Empty DataFrame
Columns: [pb_acc, misc, orf, orf_start, ID, has_stop_codon, seqname, source, feature, exon_start, exon_end, score, strand, frame, transcript_id, gene_id, gene_name, exon_length, current_size, prior_size]
Index: []
plus_exons before sorting and grouping:            seqname       source feature  ...  gene_id  gene_name  exon_length
575213  MU069435.1  Mandalorion    exon  ...    10452      10452          492

[1 rows x 12 columns]
orf_coord before merging: Empty DataFrame
Columns: [pb_acc, misc, orf, orf_start, ID, has_stop_codon]
Index: []
orf_exons after merging: Empty DataFrame
Columns: [pb_acc, misc, orf, orf_start, ID, has_stop_codon, seqname, source, feature, exon_start, exon_end, score, strand, frame, transcript_id, gene_id, gene_name, exon_length, current_size, prior_size]
Index: []
plus_exons before sorting and grouping:        seqname       source  ...                    gene_name  exon_length
212978   chr17  Mandalorion  ...  ENSMUSG00000046201.10_Scaf8          461
212979   chr17  Mandalorion  ...  ENSMUSG00000046201.10_Scaf8           84
212980   chr17  Mandalorion  ...  ENSMUSG00000046201.10_Scaf8           45
212981   chr17  Mandalorion  ...  ENSMUSG00000046201.10_Scaf8          162
212982   chr17  Mandalorion  ...  ENSMUSG00000046201.10_Scaf8          154

[5 rows x 12 columns]
orf_coord before merging: Empty DataFrame
Columns: [pb_acc, misc, orf, orf_start, ID, has_stop_codon]
Index: []
orf_exons after merging: Empty DataFrame
Columns: [pb_acc, misc, orf, orf_start, ID, has_stop_codon, seqname, source, feature, exon_start, exon_end, score, strand, frame, transcript_id, gene_id, gene_name, exon_length, current_size, prior_size]
Index: []
plus_exons before sorting and grouping:        seqname       source  ...                      gene_name  exon_length
556158    chrX  Mandalorion  ...  ENSMUSG00000068270.16_Shroom4         2548
556218    chrX  Mandalorion  ...  ENSMUSG00000031142.18_Cacna1f          245
556219    chrX  Mandalorion  ...  ENSMUSG00000031142.18_Cacna1f          113
556220    chrX  Mandalorion  ...  ENSMUSG00000031142.18_Cacna1f          198
556221    chrX  Mandalorion  ...  ENSMUSG00000031142.18_Cacna1f          305

[5 rows x 12 columns]
orf_coord before merging: Empty DataFrame
Columns: [pb_acc, misc, orf, orf_start, ID, has_stop_codon]
Index: []
orf_exons after merging: Empty DataFrame
Columns: [pb_acc, misc, orf, orf_start, ID, has_stop_codon, seqname, source, feature, exon_start, exon_end, score, strand, frame, transcript_id, gene_id, gene_name, exon_length, current_size, prior_size]
Index: []
plus_exons before sorting and grouping:        seqname       source  ...                     gene_name  exon_length
193305   chr16  Mandalorion  ...  ENSMUSG00000022529.12_Zfp263          616
193306   chr16  Mandalorion  ...  ENSMUSG00000022529.12_Zfp263          181
193307   chr16  Mandalorion  ...  ENSMUSG00000022529.12_Zfp263           74
193308   chr16  Mandalorion  ...  ENSMUSG00000022529.12_Zfp263          124
193309   chr16  Mandalorion  ...  ENSMUSG00000022529.12_Zfp263          117

[5 rows x 12 columns]
orf_coord before merging: Empty DataFrame
Columns: [pb_acc, misc, orf, orf_start, ID, has_stop_codon]
Index: []
orf_exons after merging: Empty DataFrame
Columns: [pb_acc, misc, orf, orf_start, ID, has_stop_codon, seqname, source, feature, exon_start, exon_end, score, strand, frame, transcript_id, gene_id, gene_name, exon_length, current_size, prior_size]
Index: []
plus_exons before sorting and grouping:        seqname       source  ...                     gene_name  exon_length
523669    chr9  Mandalorion  ...  ENSMUSG00000025899.15_Alkbh8          100
523670    chr9  Mandalorion  ...  ENSMUSG00000025899.15_Alkbh8          136
523671    chr9  Mandalorion  ...  ENSMUSG00000025899.15_Alkbh8          238
523672    chr9  Mandalorion  ...  ENSMUSG00000025899.15_Alkbh8          132
523673    chr9  Mandalorion  ...  ENSMUSG00000025899.15_Alkbh8           96

[5 rows x 12 columns]
orf_coord before merging: Empty DataFrame
Columns: [pb_acc, misc, orf, orf_start, ID, has_stop_codon]
Index: []
orf_exons after merging: Empty DataFrame
Columns: [pb_acc, misc, orf, orf_start, ID, has_stop_codon, seqname, source, feature, exon_start, exon_end, score, strand, frame, transcript_id, gene_id, gene_name, exon_length, current_size, prior_size]
Index: []
Traceback (most recent call last):
  File "00_scripts/05_mando_orf_calling.py", line 303, in <module>
    main()
  File "00_scripts/05_mando_orf_calling.py", line 282, in main
    orfs = orf_calling_multiprocessing(all_orfs, pool, 1, results.num_cores)
  File "00_scripts/05_mando_orf_calling.py", line 243, in orf_calling_multiprocessing
    called_orf = pd.concat(called_orf_list)
  File "/opt/conda/envs/lrpg/lib/python3.7/site-packages/pandas/core/reshape/concat.py", line 295, in concat
    sort=sort,
  File "/opt/conda/envs/lrpg/lib/python3.7/site-packages/pandas/core/reshape/concat.py", line 342, in __init__
    raise ValueError("No objects to concatenate")
ValueError: No objects to concatenate
INFO:root:Loading data...
Traceback (most recent call last):
  File "00_scripts/05_orf_calling.py", line 307, in <module>
    main()
  File "00_scripts/05_orf_calling.py", line 267, in main
    orf_coord = read_orf(results.orf_coord)
  File "00_scripts/05_orf_calling.py", line 188, in read_orf
    orf[['pb_acc', 'misc', 'orf']] = orf['ID'].str.split('_', expand=True)
  File "/opt/conda/envs/lrpg/lib/python3.7/site-packages/pandas/core/frame.py", line 3160, in __setitem__
    self._setitem_array(key, value)
  File "/opt/conda/envs/lrpg/lib/python3.7/site-packages/pandas/core/frame.py", line 3186, in _setitem_array
    raise ValueError("Columns must be same length as key")
ValueError: Columns must be same length as key
