INFO:    gocryptfs not found, will not be able to use gocryptfs
INFO:root:Loading data...
INFO:root:ORF file read 
               ID   len orf_strand  ...  coding_score    pb_acc  orf_rank
0  PB.20.18_ORF_1  1739          +  ...      0.999999  PB.20.18         1
1  PB.20.18_ORF_2  1739          +  ...      0.998450  PB.20.18         2
2  PB.20.18_ORF_3  1739          +  ...      0.042534  PB.20.18         3
3  PB.20.18_ORF_4  1739          +  ...      0.148710  PB.20.18         4
4   PB.20.5_ORF_1  3181          +  ...      1.000000   PB.20.5         1

[5 rows x 12 columns]
INFO:root:Extracted GTF attributes: ['gene_id', 'gene_type', 'gene_name', 'level', 'mgi_id', 'havana_gene', 'transcript_id', 'transcript_type', 'transcript_name', 'transcript_support_level', 'tag', 'havana_transcript', 'exon_number', 'exon_id', 'protein_id', 'ccdsid', 'ont']
INFO:root:Extracted GTF attributes: ['transcript_id', 'gene_id']
INFO:root:Mapping orfs to gencode...
INFO:root:Mapping plus strands...
INFO:root:Mapping minus strands...
INFO:root:Calling ORFs...
INFO:root:Adding metadata...
INFO:root:Saving results...
  seqname  source     feature   start  ...  strand  frame transcript_id gene_id
0    chr1  PacBio  transcript  944204  ...       -      0      PB.20.18   PB.20
1    chr1  PacBio        exon  944204  ...       -      0      PB.20.18   PB.20
2    chr1  PacBio        exon  945520  ...       -      0      PB.20.18   PB.20
3    chr1  PacBio        exon  946173  ...       -      0      PB.20.18   PB.20
4    chr1  PacBio        exon  946399  ...       -      0      PB.20.18   PB.20

[5 rows x 10 columns]
['gene' 'transcript' 'exon' 'CDS' 'start_codon' 'stop_codon' 'UTR'
 'Selenocysteine']
