/var/spool/slurm/slurmd/job63406670/slurm_script: line 27: cd: /project/sheynkman/projects/mohi_MDS: No such file or directory
INFO:    gocryptfs not found, will not be able to use gocryptfs
INFO:root:The ensg_to_gene, enst_to_isoname, ensp_to_gene and isoname_to_gene files have been prepared
INFO:root:The isoform length table has been prepared.
INFO:root:Prepared the gene length statistics table
INFO:root:Extracted GTF attributes: ['gene_id', 'gene_type', 'gene_name', 'level', 'mgi_id', 'havana_gene', 'transcript_id', 'transcript_type', 'transcript_name', 'transcript_support_level', 'tag', 'havana_transcript', 'exon_number', 'exon_id', 'protein_id', 'ccdsid', 'ont']
INFO:root:DataFrame Columns:
INFO:root:Index(['seqname', 'source', 'feature', 'start', 'end', 'score', 'strand',
       'frame', 'gene_id', 'gene_type', 'gene_name', 'level', 'mgi_id',
       'havana_gene', 'transcript_id', 'transcript_type', 'transcript_name',
       'transcript_support_level', 'tag', 'havana_transcript', 'exon_number',
       'exon_id', 'protein_id', 'ccdsid', 'ont'],
      dtype='object')
INFO:root:First few rows of the DataFrame:
INFO:root:  seqname   source     feature  ...  protein_id  ccdsid  ont
0    chr1   HAVANA        gene  ...                         
1    chr1   HAVANA  transcript  ...                         
2    chr1   HAVANA        exon  ...                         
3    chr1  ENSEMBL        gene  ...                         
4    chr1  ENSEMBL  transcript  ...                         

[5 rows x 25 columns]
