
The following have been reloaded with a version change:
  1) python/.3.11.4 => python/3.11.4

To use your local R packages in RStudio, run:
echo "R_LIBS_USER=~/R/goolf/4.3" > ~/.Renviron
Rscript (R) version 4.3.1 (2023-06-16)
**** Parsing Isoforms....
**** Parsing Isoforms....
**** Parsing Reference Transcriptome....
**** Performing Classification of Isoforms....
**** Parsing Reference Transcriptome....
**** Performing Classification of Isoforms....
Output written to: wild_type/09_sqanti_protein/WT.sqanti_protein_classification.tsv
Rscript (R) version 4.3.1 (2023-06-16)
**** Parsing Isoforms....
**** Parsing Isoforms....
**** Parsing Reference Transcriptome....
**** Performing Classification of Isoforms....
**** Parsing Reference Transcriptome....
**** Performing Classification of Isoforms....
Output written to: mutant/09_sqanti_protein/M.sqanti_protein_classification.tsv
